<?xml version="1.0" encoding="UTF-8"?>
<testng-results ignored="0" total="1" passed="1" failed="0" skipped="0">
  <reporter-output>
    <line>
      <![CDATA[SwagLab Login Process is started....]]>
    </line>
    <line>
      <![CDATA[SwagLab Login Process is completed....]]>
    </line>
    <line>
      <![CDATA[SwagLab Product added to Cart....]]>
    </line>
    <line>
      <![CDATA[SwagLab CartProcess is completed ....]]>
    </line>
    <line>
      <![CDATA[SwagLab Checkout Process is started....]]>
    </line>
    <line>
      <![CDATA[SwagLab CheckOut Process is completed....]]>
    </line>
  </reporter-output>
  <suite started-at="2023-01-21T09:14:00 IST" name="Suite" finished-at="2023-01-21T09:14:13 IST" duration-ms="13208">
    <groups>
    </groups>
    <test started-at="2023-01-21T09:14:00 IST" name="Test" finished-at="2023-01-21T09:14:13 IST" duration-ms="13208">
      <class name="com.SwagLab.Tests.OrderDescriptionTest">
        <test-method is-config="true" signature="reportsSetup()[pri:0, instance:com.SwagLab.Tests.OrderDescriptionTest@60099951]" started-at="2023-01-21T09:14:00 IST" name="reportsSetup" finished-at="2023-01-21T09:14:00 IST" duration-ms="321" status="PASS">
          <reporter-output>
          </reporter-output>
        </test-method> <!-- reportsSetup -->
        <test-method is-config="true" signature="setUp()[pri:0, instance:com.SwagLab.Tests.OrderDescriptionTest@60099951]" started-at="2023-01-21T09:14:00 IST" name="setUp" finished-at="2023-01-21T09:14:06 IST" duration-ms="5422" status="PASS">
          <reporter-output>
          </reporter-output>
        </test-method> <!-- setUp -->
        <test-method is-config="true" signature="pageSetUp()[pri:0, instance:com.SwagLab.Tests.OrderDescriptionTest@60099951]" started-at="2023-01-21T09:14:06 IST" name="pageSetUp" finished-at="2023-01-21T09:14:13 IST" duration-ms="7626" status="PASS">
          <reporter-output>
            <line>
              <![CDATA[SwagLab Login Process is started....]]>
            </line>
            <line>
              <![CDATA[SwagLab Login Process is completed....]]>
            </line>
            <line>
              <![CDATA[SwagLab Product added to Cart....]]>
            </line>
            <line>
              <![CDATA[SwagLab CartProcess is completed ....]]>
            </line>
            <line>
              <![CDATA[SwagLab Checkout Process is started....]]>
            </line>
            <line>
              <![CDATA[SwagLab CheckOut Process is completed....]]>
            </line>
          </reporter-output>
        </test-method> <!-- pageSetUp -->
        <test-method signature="testOrderDescription()[pri:0, instance:com.SwagLab.Tests.OrderDescriptionTest@60099951]" started-at="2023-01-21T09:14:13 IST" name="testOrderDescription" finished-at="2023-01-21T09:14:13 IST" duration-ms="114" status="PASS">
          <reporter-output>
          </reporter-output>
        </test-method> <!-- testOrderDescription -->
        <test-method is-config="true" signature="closeReports()[pri:0, instance:com.SwagLab.Tests.OrderDescriptionTest@60099951]" started-at="2023-01-21T09:14:13 IST" name="closeReports" finished-at="2023-01-21T09:14:14 IST" duration-ms="337" status="PASS">
          <reporter-output>
          </reporter-output>
        </test-method> <!-- closeReports -->
      </class> <!-- com.SwagLab.Tests.OrderDescriptionTest -->
    </test> <!-- Test -->
  </suite> <!-- Suite -->
</testng-results>
